# JRE version: OpenJDK Runtime Environment (11.0.1+13) (build 11.0.1+13)
# Java VM: OpenJDK 64-Bit Server VM (11.0.1+13, mixed mode, tiered, compressed oops, g1 gc, linux-amd64)
Heap:
 garbage-first heap   total 140288K, used 18539K [0x00000000c0000000, 0x0000000100000000)
  region size 1024K, 1 young (1024K), 1 survivors (1024K)
 Metaspace       used 29423K, capacity 30083K, committed 30464K, reserved 1075200K
  class space    used 3722K, capacity 3970K, committed 4096K, reserved 1048576K
GC Heap History (10 events):
Event: 15.983 GC heap after
{Heap after GC invocations=4 (full 0):
 garbage-first heap   total 61440K, used 13048K [0x00000000c0000000, 0x0000000100000000)
  region size 1024K, 2 young (2048K), 2 survivors (2048K)
 Metaspace       used 18131K, capacity 18544K, committed 18816K, reserved 1064960K
  class space    used 2228K, capacity 2372K, committed 2432K, reserved 1048576K
}
Event: 17.687 GC heap before
{Heap before GC invocations=4 (full 0):
 garbage-first heap   total 61440K, used 30456K [0x00000000c0000000, 0x0000000100000000)
  region size 1024K, 20 young (20480K), 2 survivors (2048K)
 Metaspace       used 20736K, capacity 21123K, committed 21248K, reserved 1067008K
  class space    used 2626K, capacity 2767K, committed 2816K, reserved 1048576K
}
Event: 17.714 GC heap after
{Heap after GC invocations=5 (full 0):
 garbage-first heap   total 61440K, used 13968K [0x00000000c0000000, 0x0000000100000000)
  region size 1024K, 3 young (3072K), 3 survivors (3072K)
 Metaspace       used 20736K, capacity 21123K, committed 21248K, reserved 1067008K
  class space    used 2626K, capacity 2767K, committed 2816K, reserved 1048576K
}
Event: 32.966 GC heap before
{Heap before GC invocations=6 (full 0):
 garbage-first heap   total 61440K, used 36496K [0x00000000c0000000, 0x0000000100000000)
  region size 1024K, 26 young (26624K), 3 survivors (3072K)
 Metaspace       used 24374K, capacity 24908K, committed 25088K, reserved 1071104K
  class space    used 3115K, capacity 3295K, committed 3328K, reserved 1048576K
}
Event: 33.426 GC heap after
{Heap after GC invocations=7 (full 0):
 garbage-first heap   total 61440K, used 16527K [0x00000000c0000000, 0x0000000100000000)
  region size 1024K, 4 young (4096K), 4 survivors (4096K)
 Metaspace       used 24374K, capacity 24908K, committed 25088K, reserved 1071104K
  class space    used 3115K, capacity 3295K, committed 3328K, reserved 1048576K
}
Event: 175.814 GC heap before
{Heap before GC invocations=7 (full 0):
 garbage-first heap   total 61440K, used 33935K [0x00000000c0000000, 0x0000000100000000)
  region size 1024K, 22 young (22528K), 4 survivors (4096K)
 Metaspace       used 28912K, capacity 29571K, committed 29824K, reserved 1075200K
  class space    used 3644K, capacity 3906K, committed 3968K, reserved 1048576K
}
Event: 181.978 GC heap after
{Heap after GC invocations=8 (full 0):
 garbage-first heap   total 61440K, used 18323K [0x00000000c0000000, 0x0000000100000000)
  region size 1024K, 3 young (3072K), 3 survivors (3072K)
 Metaspace       used 28912K, capacity 29571K, committed 29824K, reserved 1075200K
  class space    used 3644K, capacity 3906K, committed 3968K, reserved 1048576K
}
Event: 224.582 GC heap before
{Heap before GC invocations=8 (full 0):
 garbage-first heap   total 61440K, used 18323K [0x00000000c0000000, 0x0000000100000000)
  region size 1024K, 4 young (4096K), 3 survivors (3072K)
 Metaspace       used 29103K, capacity 29795K, committed 30080K, reserved 1075200K
  class space    used 3677K, capacity 3938K, committed 3968K, reserved 1048576K
}
Event: 239.167 GC heap after
{Heap after GC invocations=9 (full 0):
 garbage-first heap   total 61440K, used 18788K [0x00000000c0000000, 0x0000000100000000)
  region size 1024K, 1 young (1024K), 1 survivors (1024K)
 Metaspace       used 29103K, capacity 29795K, committed 30080K, reserved 1075200K
  class space    used 3677K, capacity 3938K, committed 3968K, reserved 1048576K
}
Event: 288.394 GC heap before
{Heap before GC invocations=9 (full 0):
 garbage-first heap   total 61440K, used 20836K [0x00000000c0000000, 0x0000000100000000)
  region size 1024K, 3 young (3072K), 1 survivors (1024K)
 Metaspace       used 29423K, capacity 30083K, committed 30464K, reserved 1075200K
  class space    used 3722K, capacity 3970K, committed 4096K, reserved 1048576K
}

