# JRE version: OpenJDK Runtime Environment (11.0.1+13) (build 11.0.1+13)
# Java VM: OpenJDK 64-Bit Server VM (11.0.1+13, mixed mode, tiered, compressed oops, g1 gc, linux-amd64)
Heap:
 garbage-first heap   total 568320K, used 137063K [0x00000000c0000000, 0x0000000100000000)
  region size 1024K, 2 young (2048K), 2 survivors (2048K)
 Metaspace       used 51275K, capacity 53648K, committed 53936K, reserved 1097728K
  class space    used 5468K, capacity 6354K, committed 6400K, reserved 1048576K
GC Heap History (10 events):
Event: 42.665 GC heap after
{Heap after GC invocations=39 (full 0):
 garbage-first heap   total 246784K, used 122735K [0x00000000c0000000, 0x0000000100000000)
  region size 1024K, 8 young (8192K), 8 survivors (8192K)
 Metaspace       used 51241K, capacity 53648K, committed 53936K, reserved 1097728K
  class space    used 5465K, capacity 6354K, committed 6400K, reserved 1048576K
}
Event: 45.308 GC heap before
{Heap before GC invocations=39 (full 0):
 garbage-first heap   total 246784K, used 189295K [0x00000000c0000000, 0x0000000100000000)
  region size 1024K, 73 young (74752K), 8 survivors (8192K)
 Metaspace       used 51250K, capacity 53648K, committed 53936K, reserved 1097728K
  class space    used 5465K, capacity 6354K, committed 6400K, reserved 1048576K
}
Event: 45.816 GC heap after
{Heap after GC invocations=40 (full 0):
 garbage-first heap   total 246784K, used 130054K [0x00000000c0000000, 0x0000000100000000)
  region size 1024K, 8 young (8192K), 8 survivors (8192K)
 Metaspace       used 51250K, capacity 53648K, committed 53936K, reserved 1097728K
  class space    used 5465K, capacity 6354K, committed 6400K, reserved 1048576K
}
Event: 57.016 GC heap before
{Heap before GC invocations=41 (full 0):
 garbage-first heap   total 246784K, used 191494K [0x00000000c0000000, 0x0000000100000000)
  region size 1024K, 71 young (72704K), 8 survivors (8192K)
 Metaspace       used 51262K, capacity 53648K, committed 53936K, reserved 1097728K
  class space    used 5465K, capacity 6354K, committed 6400K, reserved 1048576K
}
Event: 61.902 GC heap after
{Heap after GC invocations=42 (full 0):
 garbage-first heap   total 246784K, used 134143K [0x00000000c0000000, 0x0000000100000000)
  region size 1024K, 8 young (8192K), 8 survivors (8192K)
 Metaspace       used 51262K, capacity 53648K, committed 53936K, reserved 1097728K
  class space    used 5465K, capacity 6354K, committed 6400K, reserved 1048576K
}
Event: 76.633 GC heap before
{Heap before GC invocations=42 (full 0):
 garbage-first heap   total 246784K, used 138239K [0x00000000c0000000, 0x0000000100000000)
  region size 1024K, 12 young (12288K), 8 survivors (8192K)
 Metaspace       used 51269K, capacity 53648K, committed 53936K, reserved 1097728K
  class space    used 5467K, capacity 6354K, committed 6400K, reserved 1048576K
}
Event: 81.964 GC heap after
{Heap after GC invocations=43 (full 0):
 garbage-first heap   total 246784K, used 135497K [0x00000000c0000000, 0x0000000100000000)
  region size 1024K, 2 young (2048K), 2 survivors (2048K)
 Metaspace       used 51269K, capacity 53648K, committed 53936K, reserved 1097728K
  class space    used 5467K, capacity 6354K, committed 6400K, reserved 1048576K
}
Event: 103.663 GC heap before
{Heap before GC invocations=44 (full 0):
 garbage-first heap   total 246784K, used 145737K [0x00000000c0000000, 0x0000000100000000)
  region size 1024K, 12 young (12288K), 2 survivors (2048K)
 Metaspace       used 51269K, capacity 53648K, committed 53936K, reserved 1097728K
  class space    used 5467K, capacity 6354K, committed 6400K, reserved 1048576K
}
Event: 106.976 GC heap after
{Heap after GC invocations=45 (full 0):
 garbage-first heap   total 246784K, used 135950K [0x00000000c0000000, 0x0000000100000000)
  region size 1024K, 2 young (2048K), 2 survivors (2048K)
 Metaspace       used 51269K, capacity 53648K, committed 53936K, reserved 1097728K
  class space    used 5467K, capacity 6354K, committed 6400K, reserved 1048576K
}
Event: 114.968 GC heap before
{Heap before GC invocations=45 (full 0):
 garbage-first heap   total 246784K, used 145166K [0x00000000c0000000, 0x0000000100000000)
  region size 1024K, 12 young (12288K), 2 survivors (2048K)
 Metaspace       used 51275K, capacity 53648K, committed 53936K, reserved 1097728K
  class space    used 5468K, capacity 6354K, committed 6400K, reserved 1048576K
}

